This is pdfTeX, Version 3.14159265-2.6-1.40.19 (MiKTeX 2.9.6745 64-bit) (preloaded format=pdflatex 2018.8.5)  6 SEP 2018 14:51
entering extended mode
**./v1.tex
(v1.tex
LaTeX2e <2018-04-01> patch level 5
("C:\Users\bisma\AppData\Local\Programs\MiKTeX 2.9\tex\latex\base\article.cls"
Document Class: article 2014/09/29 v1.4h Standard LaTeX document class
("C:\Users\bisma\AppData\Local\Programs\MiKTeX 2.9\tex\latex\base\size11.clo"
File: size11.clo 2014/09/29 v1.4h Standard LaTeX file (size option)
)
\c@part=\count80
\c@section=\count81
\c@subsection=\count82
\c@subsubsection=\count83
\c@paragraph=\count84
\c@subparagraph=\count85
\c@figure=\count86
\c@table=\count87
\abovecaptionskip=\skip41
\belowcaptionskip=\skip42
\bibindent=\dimen102
) ("C:\Users\bisma\AppData\Local\Programs\MiKTeX 2.9\tex\latex\psnfss\newcent.s
ty"
Package: newcent 2005/04/12 PSNFSS-v9.2a (SPQR) 
)
("C:\Users\bisma\AppData\Local\Programs\MiKTeX 2.9\tex\latex\hyperref\hyperref.
sty"
Package: hyperref 2018/02/06 v6.86b Hypertext links for LaTeX

("C:\Users\bisma\AppData\Local\Programs\MiKTeX 2.9\tex\generic\oberdiek\hobsub-
hyperref.sty"
Package: hobsub-hyperref 2016/05/16 v1.14 Bundle oberdiek, subset hyperref (HO)


("C:\Users\bisma\AppData\Local\Programs\MiKTeX 2.9\tex\generic\oberdiek\hobsub-
generic.sty"
Package: hobsub-generic 2016/05/16 v1.14 Bundle oberdiek, subset generic (HO)
Package: hobsub 2016/05/16 v1.14 Construct package bundles (HO)
Package: infwarerr 2016/05/16 v1.4 Providing info/warning/error messages (HO)
Package: ltxcmds 2016/05/16 v1.23 LaTeX kernel commands for general use (HO)
Package: ifluatex 2016/05/16 v1.4 Provides the ifluatex switch (HO)
Package ifluatex Info: LuaTeX not detected.
Package: ifvtex 2016/05/16 v1.6 Detect VTeX and its facilities (HO)
Package ifvtex Info: VTeX not detected.
Package: intcalc 2016/05/16 v1.2 Expandable calculations with integers (HO)
Package: ifpdf 2017/03/15 v3.2 Provides the ifpdf switch
Package: etexcmds 2016/05/16 v1.6 Avoid name clashes with e-TeX commands (HO)
Package etexcmds Info: Could not find \expanded.
(etexcmds)             That can mean that you are not using pdfTeX 1.50 or
(etexcmds)             that some package has redefined \expanded.
(etexcmds)             In the latter case, load this package earlier.
Package: kvsetkeys 2016/05/16 v1.17 Key value parser (HO)
Package: kvdefinekeys 2016/05/16 v1.4 Define keys (HO)
Package: pdftexcmds 2018/01/30 v0.27 Utility functions of pdfTeX for LuaTeX (HO
)
Package pdftexcmds Info: LuaTeX not detected.
Package pdftexcmds Info: \pdf@primitive is available.
Package pdftexcmds Info: \pdf@ifprimitive is available.
Package pdftexcmds Info: \pdfdraftmode found.
Package: pdfescape 2016/05/16 v1.14 Implements pdfTeX's escape features (HO)
Package: bigintcalc 2016/05/16 v1.4 Expandable calculations on big integers (HO
)
Package: bitset 2016/05/16 v1.2 Handle bit-vector datatype (HO)
Package: uniquecounter 2016/05/16 v1.3 Provide unlimited unique counter (HO)
)
Package hobsub Info: Skipping package `hobsub' (already loaded).
Package: letltxmacro 2016/05/16 v1.5 Let assignment for LaTeX macros (HO)
Package: hopatch 2016/05/16 v1.3 Wrapper for package hooks (HO)
Package: xcolor-patch 2016/05/16 xcolor patch
Package: atveryend 2016/05/16 v1.9 Hooks at the very end of document (HO)
Package atveryend Info: \enddocument detected (standard20110627).
Package: atbegshi 2016/06/09 v1.18 At begin shipout hook (HO)
Package: refcount 2016/05/16 v3.5 Data extraction from label references (HO)
Package: hycolor 2016/05/16 v1.8 Color options for hyperref/bookmark (HO)
)
("C:\Users\bisma\AppData\Local\Programs\MiKTeX 2.9\tex\latex\graphics\keyval.st
y"
Package: keyval 2014/10/28 v1.15 key=value parser (DPC)
\KV@toks@=\toks14
)
("C:\Users\bisma\AppData\Local\Programs\MiKTeX 2.9\tex\generic\ifxetex\ifxetex.
sty"
Package: ifxetex 2010/09/12 v0.6 Provides ifxetex conditional
)
("C:\Users\bisma\AppData\Local\Programs\MiKTeX 2.9\tex\latex\oberdiek\auxhook.s
ty"
Package: auxhook 2016/05/16 v1.4 Hooks for auxiliary files (HO)
)
("C:\Users\bisma\AppData\Local\Programs\MiKTeX 2.9\tex\latex\oberdiek\kvoptions
.sty"
Package: kvoptions 2016/05/16 v3.12 Key value format for package options (HO)
)
\@linkdim=\dimen103
\Hy@linkcounter=\count88
\Hy@pagecounter=\count89

("C:\Users\bisma\AppData\Local\Programs\MiKTeX 2.9\tex\latex\hyperref\pd1enc.de
f"
File: pd1enc.def 2018/02/06 v6.86b Hyperref: PDFDocEncoding definition (HO)
Now handling font encoding PD1 ...
... no UTF-8 mapping file for font encoding PD1
)
\Hy@SavedSpaceFactor=\count90

("C:\Users\bisma\AppData\Local\Programs\MiKTeX 2.9\tex\latex\00miktex\hyperref.
cfg"
File: hyperref.cfg 2002/06/06 v1.2 hyperref configuration of TeXLive
)
Package hyperref Info: Hyper figures OFF on input line 4509.
Package hyperref Info: Link nesting OFF on input line 4514.
Package hyperref Info: Hyper index ON on input line 4517.
Package hyperref Info: Plain pages OFF on input line 4524.
Package hyperref Info: Backreferencing OFF on input line 4529.
Package hyperref Info: Implicit mode ON; LaTeX internals redefined.
Package hyperref Info: Bookmarks ON on input line 4762.
\c@Hy@tempcnt=\count91
 ("C:\Users\bisma\AppData\Local\Programs\MiKTeX 2.9\tex\latex\url\url.sty"
\Urlmuskip=\muskip10
Package: url 2013/09/16  ver 3.4  Verb mode for urls, etc.
)
LaTeX Info: Redefining \url on input line 5115.
\XeTeXLinkMargin=\dimen104
\Fld@menulength=\count92
\Field@Width=\dimen105
\Fld@charsize=\dimen106
Package hyperref Info: Hyper figures OFF on input line 6369.
Package hyperref Info: Link nesting OFF on input line 6374.
Package hyperref Info: Hyper index ON on input line 6377.
Package hyperref Info: backreferencing OFF on input line 6384.
Package hyperref Info: Link coloring OFF on input line 6389.
Package hyperref Info: Link coloring with OCG OFF on input line 6394.
Package hyperref Info: PDF/A mode OFF on input line 6399.
LaTeX Info: Redefining \ref on input line 6439.
LaTeX Info: Redefining \pageref on input line 6443.
\Hy@abspage=\count93
\c@Item=\count94
\c@Hfootnote=\count95
)
Package hyperref Info: Driver (autodetected): hpdftex.

("C:\Users\bisma\AppData\Local\Programs\MiKTeX 2.9\tex\latex\hyperref\hpdftex.d
ef"
File: hpdftex.def 2018/02/06 v6.86b Hyperref driver for pdfTeX
\Fld@listcount=\count96
\c@bookmark@seq@number=\count97

("C:\Users\bisma\AppData\Local\Programs\MiKTeX 2.9\tex\latex\oberdiek\rerunfile
check.sty"
Package: rerunfilecheck 2016/05/16 v1.8 Rerun checks for auxiliary files (HO)
Package uniquecounter Info: New unique counter `rerunfilecheck' on input line 2
82.
)
\Hy@SectionHShift=\skip43
)
("C:\Users\bisma\AppData\Local\Programs\MiKTeX 2.9\tex\latex\amsmath\amsmath.st
y"
Package: amsmath 2017/09/02 v2.17a AMS math features
\@mathmargin=\skip44

For additional information on amsmath, use the `?' option.

("C:\Users\bisma\AppData\Local\Programs\MiKTeX 2.9\tex\latex\amsmath\amstext.st
y"
Package: amstext 2000/06/29 v2.01 AMS text

("C:\Users\bisma\AppData\Local\Programs\MiKTeX 2.9\tex\latex\amsmath\amsgen.sty
"
File: amsgen.sty 1999/11/30 v2.0 generic functions
\@emptytoks=\toks15
\ex@=\dimen107
))
("C:\Users\bisma\AppData\Local\Programs\MiKTeX 2.9\tex\latex\amsmath\amsbsy.sty
"
Package: amsbsy 1999/11/29 v1.2d Bold Symbols
\pmbraise@=\dimen108
)
("C:\Users\bisma\AppData\Local\Programs\MiKTeX 2.9\tex\latex\amsmath\amsopn.sty
"
Package: amsopn 2016/03/08 v2.02 operator names
)
\inf@bad=\count98
LaTeX Info: Redefining \frac on input line 213.
\uproot@=\count99
\leftroot@=\count100
LaTeX Info: Redefining \overline on input line 375.
\classnum@=\count101
\DOTSCASE@=\count102
LaTeX Info: Redefining \ldots on input line 472.
LaTeX Info: Redefining \dots on input line 475.
LaTeX Info: Redefining \cdots on input line 596.
\Mathstrutbox@=\box26
\strutbox@=\box27
\big@size=\dimen109
LaTeX Font Info:    Redeclaring font encoding OML on input line 712.
LaTeX Font Info:    Redeclaring font encoding OMS on input line 713.
\macc@depth=\count103
\c@MaxMatrixCols=\count104
\dotsspace@=\muskip11
\c@parentequation=\count105
\dspbrk@lvl=\count106
\tag@help=\toks16
\row@=\count107
\column@=\count108
\maxfields@=\count109
\andhelp@=\toks17
\eqnshift@=\dimen110
\alignsep@=\dimen111
\tagshift@=\dimen112
\tagwidth@=\dimen113
\totwidth@=\dimen114
\lineht@=\dimen115
\@envbody=\toks18
\multlinegap=\skip45
\multlinetaggap=\skip46
\mathdisplay@stack=\toks19
LaTeX Info: Redefining \[ on input line 2817.
LaTeX Info: Redefining \] on input line 2818.
)
("C:\Users\bisma\AppData\Local\Programs\MiKTeX 2.9\tex\latex\oberdiek\pdflscape
.sty"
Package: pdflscape 2016/05/14 v0.11 Display of landscape pages in PDF (HO)

("C:\Users\bisma\AppData\Local\Programs\MiKTeX 2.9\tex\latex\graphics\lscape.st
y"
Package: lscape 2000/10/22 v3.01 Landscape Pages (DPC)

("C:\Users\bisma\AppData\Local\Programs\MiKTeX 2.9\tex\latex\graphics\graphics.
sty"
Package: graphics 2017/06/25 v1.2c Standard LaTeX Graphics (DPC,SPQR)

("C:\Users\bisma\AppData\Local\Programs\MiKTeX 2.9\tex\latex\graphics\trig.sty"
Package: trig 2016/01/03 v1.10 sin cos tan (DPC)
)
("C:\Users\bisma\AppData\Local\Programs\MiKTeX 2.9\tex\latex\graphics-cfg\graph
ics.cfg"
File: graphics.cfg 2016/06/04 v1.11 sample graphics configuration
)
Package graphics Info: Driver file: pdftex.def on input line 99.

("C:\Users\bisma\AppData\Local\Programs\MiKTeX 2.9\tex\latex\graphics-def\pdfte
x.def"
File: pdftex.def 2018/01/08 v1.0l Graphics/color driver for pdftex
)))
Package pdflscape Info: Auto-detected driver: pdftex on input line 81.
)
("C:\Users\bisma\AppData\Local\Programs\MiKTeX 2.9\tex\latex\arydshln\arydshln.
sty"
Package: arydshln 2016/04/28 v1.73 
\dashlinedash=\dimen116
\dashlinegap=\dimen117
\adl@box=\box28
\adl@height=\dimen118
\adl@heightsave=\dimen119
\adl@depth=\dimen120
\adl@depthsave=\dimen121
\adl@finaldepth=\dimen122
\adl@columns=\count110
\adl@ncol=\count111
\adl@currentcolumn=\count112
\adl@currentcolumnsave=\count113
\adl@totalheight=\count114
\adl@totalheightsave=\count115
\adl@dash=\count116
\adl@gap=\count117
\adl@cla=\count118
\adl@clb=\count119
\adl@everyvbox=\toks20
\adl@LTpagetotal=\dimen123
)
("C:\Users\bisma\AppData\Local\Programs\MiKTeX 2.9\tex\latex\oberdiek\epstopdf.
sty"
Package: epstopdf 2016/05/15 v2.6 Conversion with epstopdf on the fly (HO)

("C:\Users\bisma\AppData\Local\Programs\MiKTeX 2.9\tex\latex\oberdiek\epstopdf-
base.sty"
Package: epstopdf-base 2016/05/15 v2.6 Base part for package epstopdf

("C:\Users\bisma\AppData\Local\Programs\MiKTeX 2.9\tex\latex\oberdiek\grfext.st
y"
Package: grfext 2016/05/16 v1.2 Manage graphics extensions (HO)
)
Package epstopdf-base Info: Redefining graphics rule for `.eps' on input line 4
38.
Package grfext Info: Graphics extension search list:
(grfext)             [.pdf,.png,.jpg,.mps,.jpeg,.jbig2,.jb2,.PDF,.PNG,.JPG,.JPE
G,.JBIG2,.JB2,.eps]
(grfext)             \AppendGraphicsExtensions on input line 456.
))
("C:\Users\bisma\AppData\Local\Programs\MiKTeX 2.9\tex\latex\booktabs\booktabs.
sty"
Package: booktabs 2005/04/14 v1.61803 publication quality tables
\heavyrulewidth=\dimen124
\lightrulewidth=\dimen125
\cmidrulewidth=\dimen126
\belowrulesep=\dimen127
\belowbottomsep=\dimen128
\aboverulesep=\dimen129
\abovetopsep=\dimen130
\cmidrulesep=\dimen131
\cmidrulekern=\dimen132
\defaultaddspace=\dimen133
\@cmidla=\count120
\@cmidlb=\count121
\@aboverulesep=\dimen134
\@belowrulesep=\dimen135
\@thisruleclass=\count122
\@lastruleclass=\count123
\@thisrulewidth=\dimen136
)
("C:\Users\bisma\AppData\Local\Programs\MiKTeX 2.9\tex\latex\preprint\authblk.s
ty"
Package: authblk 2001/02/27 1.3 (PWD)
\affilsep=\skip47
\@affilsep=\skip48
\c@Maxaffil=\count124
\c@authors=\count125
\c@affil=\count126
)
("C:\Users\bisma\AppData\Local\Programs\MiKTeX 2.9\tex\latex\multirow\multirow.
sty"
Package: multirow 2016/11/25 v2.2 Span multiple rows of a table
\multirow@colwidth=\skip49
\multirow@cntb=\count127
\multirow@dima=\skip50
\bigstrutjot=\dimen137
)
("C:\Users\bisma\AppData\Local\Programs\MiKTeX 2.9\tex\latex\graphics\graphicx.
sty"
Package: graphicx 2017/06/01 v1.1a Enhanced LaTeX Graphics (DPC,SPQR)
\Gin@req@height=\dimen138
\Gin@req@width=\dimen139
) (v1.aux)
\openout1 = `v1.aux'.

LaTeX Font Info:    Checking defaults for OML/cmm/m/it on input line 59.
LaTeX Font Info:    ... okay on input line 59.
LaTeX Font Info:    Checking defaults for T1/cmr/m/n on input line 59.
LaTeX Font Info:    ... okay on input line 59.
LaTeX Font Info:    Checking defaults for OT1/cmr/m/n on input line 59.
LaTeX Font Info:    ... okay on input line 59.
LaTeX Font Info:    Checking defaults for OMS/cmsy/m/n on input line 59.
LaTeX Font Info:    ... okay on input line 59.
LaTeX Font Info:    Checking defaults for OMX/cmex/m/n on input line 59.
LaTeX Font Info:    ... okay on input line 59.
LaTeX Font Info:    Checking defaults for U/cmr/m/n on input line 59.
LaTeX Font Info:    ... okay on input line 59.
LaTeX Font Info:    Checking defaults for PD1/pdf/m/n on input line 59.
LaTeX Font Info:    ... okay on input line 59.
LaTeX Font Info:    Try loading font information for OT1+pnc on input line 59.

("C:\Users\bisma\AppData\Local\Programs\MiKTeX 2.9\tex\latex\psnfss\ot1pnc.fd"
File: ot1pnc.fd 2001/06/04 font definitions for OT1/pnc.
)
\AtBeginShipoutBox=\box29
Package hyperref Info: Link coloring OFF on input line 59.

("C:\Users\bisma\AppData\Local\Programs\MiKTeX 2.9\tex\latex\hyperref\nameref.s
ty"
Package: nameref 2016/05/21 v2.44 Cross-referencing by name of section

("C:\Users\bisma\AppData\Local\Programs\MiKTeX 2.9\tex\generic\oberdiek\gettitl
estring.sty"
Package: gettitlestring 2016/05/16 v1.5 Cleanup title references (HO)
)
\c@section@level=\count128
)
LaTeX Info: Redefining \ref on input line 59.
LaTeX Info: Redefining \pageref on input line 59.
LaTeX Info: Redefining \nameref on input line 59.
 (v1.out) (v1.out)
\@outlinefile=\write3
\openout3 = `v1.out'.


("C:\Users\bisma\AppData\Local\Programs\MiKTeX 2.9\tex\context\base\supp-pdf.mk
ii"
[Loading MPS to PDF converter (version 2006.09.02).]
\scratchcounter=\count129
\scratchdimen=\dimen140
\scratchbox=\box30
\nofMPsegments=\count130
\nofMParguments=\count131
\everyMPshowfont=\toks21
\MPscratchCnt=\count132
\MPscratchDim=\dimen141
\MPnumerator=\count133
\makeMPintoPDFobject=\count134
\everyMPtoPDFconversion=\toks22
)
LaTeX Font Info:    Font shape `OT1/pnc/bx/n' in size <14.4> not available
(Font)              Font shape `OT1/pnc/b/n' tried instead on input line 74.
 [1

{C:/Users/bisma/AppData/Local/MiKTeX/2.9/pdftex/config/pdftex.map}]
LaTeX Font Info:    Font shape `OT1/pnc/bx/n' in size <12> not available
(Font)              Font shape `OT1/pnc/b/n' tried instead on input line 180.

[2]
Package epstopdf Info: Source file: <prediction.eps>
(epstopdf)                    date: 2018-06-06 23:59:54
(epstopdf)                    size: 26591 bytes
(epstopdf)             Output file: <prediction-eps-converted-to.pdf>
(epstopdf)                    date: 2018-09-06 14:50:23
(epstopdf)                    size: 8144 bytes
(epstopdf)             Command: <epstopdf --outfile=prediction-eps-converted-to
.pdf prediction.eps>
(epstopdf)             \includegraphics on input line 276.
Package epstopdf Info: Output file is already uptodate.
<prediction-eps-converted-to.pdf, id=80, 421.575pt x 316.18124pt>
File: prediction-eps-converted-to.pdf Graphic file (type pdf)
<use prediction-eps-converted-to.pdf>
Package pdftex.def Info: prediction-eps-converted-to.pdf  used on input line 27
6.
(pdftex.def)             Requested size: 234.87749pt x 176.1581pt.
Package epstopdf Info: Source file: <sample_smooth.eps>
(epstopdf)                    date: 2018-06-06 23:59:54
(epstopdf)                    size: 126338 bytes
(epstopdf)             Output file: <sample_smooth-eps-converted-to.pdf>
(epstopdf)                    date: 2018-09-06 14:50:32
(epstopdf)                    size: 125665 bytes
(epstopdf)             Command: <epstopdf --outfile=sample_smooth-eps-converted
-to.pdf sample_smooth.eps>
(epstopdf)             \includegraphics on input line 296.
Package epstopdf Info: Output file is already uptodate.
<sample_smooth-eps-converted-to.pdf, id=84, 421.575pt x 316.18124pt>
File: sample_smooth-eps-converted-to.pdf Graphic file (type pdf)
<use sample_smooth-eps-converted-to.pdf>
Package pdftex.def Info: sample_smooth-eps-converted-to.pdf  used on input line
 296.
(pdftex.def)             Requested size: 234.87749pt x 176.1581pt.
 [3] [4 <./prediction-eps-converted-to.pdf> <./sample_smooth-eps-converted-to.p
df>] (v1.bbl [5]
LaTeX Font Info:    Try loading font information for OT1+pcr on input line 103.


("C:\Users\bisma\AppData\Local\Programs\MiKTeX 2.9\tex\latex\psnfss\ot1pcr.fd"
File: ot1pcr.fd 2001/06/04 font definitions for OT1/pcr.
))
Package atveryend Info: Empty hook `BeforeClearDocument' on input line 363.
 [6]
Package atveryend Info: Empty hook `AfterLastShipout' on input line 363.
 (v1.aux)
Package atveryend Info: Executing hook `AtVeryEndDocument' on input line 363.
Package atveryend Info: Executing hook `AtEndAfterFileList' on input line 363.
Package rerunfilecheck Info: File `v1.out' has not changed.
(rerunfilecheck)             Checksum: 870F68AEB2E4470859A13B5E2B049AD3;416.
Package atveryend Info: Empty hook `AtVeryVeryEnd' on input line 363.
 ) 
Here is how much of TeX's memory you used:
 6171 strings out of 492973
 91596 string characters out of 3126693
 185208 words of memory out of 3000000
 9923 multiletter control sequences out of 15000+200000
 18698 words of font info for 47 fonts, out of 3000000 for 9000
 1144 hyphenation exceptions out of 8191
 32i,11n,28p,349b,432s stack positions out of 5000i,500n,10000p,200000b,50000s
{C:/Users/bisma/AppData/Local/Programs/MiKTeX 2.9/fonts/enc/dvips/base/8r.enc
}<C:/Users/bisma/AppData/Local/Programs/MiKTeX 2.9/fonts/type1/public/amsfonts/
cm/cmex10.pfb><C:/Users/bisma/AppData/Local/Programs/MiKTeX 2.9/fonts/type1/pub
lic/amsfonts/cm/cmmi10.pfb><C:/Users/bisma/AppData/Local/Programs/MiKTeX 2.9/fo
nts/type1/public/amsfonts/cm/cmmi8.pfb><C:/Users/bisma/AppData/Local/Programs/M
iKTeX 2.9/fonts/type1/public/amsfonts/cm/cmr10.pfb><C:/Users/bisma/AppData/Loca
l/Programs/MiKTeX 2.9/fonts/type1/public/amsfonts/cm/cmr8.pfb><C:/Users/bisma/A
ppData/Local/Programs/MiKTeX 2.9/fonts/type1/public/amsfonts/cm/cmsy8.pfb><C:/U
sers/bisma/AppData/Local/Programs/MiKTeX 2.9/fonts/type1/urw/courier/ucrr8a.pfb
><C:/Users/bisma/AppData/Local/Programs/MiKTeX 2.9/fonts/type1/urw/ncntrsbk/unc
b8a.pfb><C:/Users/bisma/AppData/Local/Programs/MiKTeX 2.9/fonts/type1/urw/ncntr
sbk/uncr8a.pfb><C:/Users/bisma/AppData/Local/Programs/MiKTeX 2.9/fonts/type1/ur
w/ncntrsbk/uncri8a.pfb>
Output written on v1.pdf (6 pages, 274791 bytes).
PDF statistics:
 180 PDF objects out of 1000 (max. 8388607)
 42 named destinations out of 1000 (max. 500000)
 67 words of extra memory for PDF output out of 10000 (max. 10000000)

